[debug] [2022-01-11T22:29:22.376Z] ----------------------------------------------------------------------
[debug] [2022-01-11T22:29:22.385Z] Command:       C:\Program Files\nodejs\node.exe C:\Users\Greatness\AppData\Roaming\npm\node_modules\firebase-tools\lib\bin\firebase.js emulators:start --only functions
[debug] [2022-01-11T22:29:22.386Z] CLI Version:   9.23.3
[debug] [2022-01-11T22:29:22.387Z] Platform:      win32
[debug] [2022-01-11T22:29:22.387Z] Node Version:  v12.18.2
[debug] [2022-01-11T22:29:22.597Z] Time:          Tue Jan 11 2022 22:29:22 GMT+0000 (Greenwich Mean Time)
[debug] [2022-01-11T22:29:22.598Z] ----------------------------------------------------------------------
[debug] 
[debug] [2022-01-11T22:29:22.637Z] >>> [apiv2][query] GET https://firebase-public.firebaseio.com/cli.json [none]
[debug] [2022-01-11T22:29:23.088Z] > command requires scopes: ["email","openid","https://www.googleapis.com/auth/cloudplatformprojects.readonly","https://www.googleapis.com/auth/firebase","https://www.googleapis.com/auth/cloud-platform"]
[debug] [2022-01-11T22:29:23.090Z] > authorizing via signed-in user (clintonbill658@gmail.com)
[info] i  emulators: Starting emulators: functions {"metadata":{"emulator":{"name":"hub"},"message":"Starting emulators: functions"}}
[warn] !  emulators: It seems that you are running multiple instances of the emulator suite for project logicians-ghana. This may result in unexpected behavior. 
[debug] [2022-01-11T22:29:25.530Z] [hub] writing locator at C:\Users\GREATN~1\AppData\Local\Temp\hub-logicians-ghana.json
[warn] !  functions: The following emulators are not running, calls to these services from the Functions emulator will affect production: auth, firestore, database, hosting, pubsub, storage {"metadata":{"emulator":{"name":"functions"},"message":"The following emulators are not running, calls to these services from the Functions emulator will affect production: \u001b[1mauth, firestore, database, hosting, pubsub, storage\u001b[22m"}}
[info] +  functions: Using node@12 from host. {"metadata":{"emulator":{"name":"functions"},"message":"Using node@12 from host."}}
[warn] !  functions: Your GOOGLE_APPLICATION_CREDENTIALS environment variable points to C:\Users\Greatness\Downloads\x.json. Non-emulated services will access production using these credentials. Be careful! {"metadata":{"emulator":{"name":"functions"},"message":"Your GOOGLE_APPLICATION_CREDENTIALS environment variable points to C:\\Users\\Greatness\\Downloads\\x.json. Non-emulated services will access production using these credentials. Be careful!"}}
[debug] [2022-01-11T22:29:28.093Z] > refreshing access token with scopes: []
[debug] [2022-01-11T22:29:28.096Z] >>> HTTP REQUEST POST https://www.googleapis.com/oauth2/v3/token  
 <request body omitted>
[debug] [2022-01-11T22:29:28.115Z] Failed to get Admin SDK config for logicians-ghana, falling back to cache Failed to get Admin SDK for Firebase project logicians-ghana. Please make sure the project exists and your account has permission to access it. {"name":"FirebaseError","children":[],"exit":2,"message":"Failed to get Admin SDK for Firebase project logicians-ghana. Please make sure the project exists and your account has permission to access it.","original":{"name":"FirebaseError","children":[],"exit":1,"message":"Authentication Error: Your credentials are no longer valid. Please run \u001b[1mfirebase login --reauth\u001b[22m\n\nFor CI servers and headless environments, generate a new token with \u001b[1mfirebase login:ci\u001b[22m","status":500},"status":500}
[debug] [2022-01-11T22:29:32.747Z] Ignoring unsupported arg: auto_download {"metadata":{"emulator":{"name":"ui"},"message":"Ignoring unsupported arg: auto_download"}}
[debug] [2022-01-11T22:29:32.748Z] Ignoring unsupported arg: port {"metadata":{"emulator":{"name":"ui"},"message":"Ignoring unsupported arg: port"}}
[debug] [2022-01-11T22:29:32.749Z] Starting Emulator UI with command {"binary":"node","args":["C:\\Users\\Greatness\\.cache\\firebase\\emulators\\ui-v1.6.4\\server.bundle.js"],"optionalArgs":[],"joinArgs":false} {"metadata":{"emulator":{"name":"ui"},"message":"Starting Emulator UI with command {\"binary\":\"node\",\"args\":[\"C:\\\\Users\\\\Greatness\\\\.cache\\\\firebase\\\\emulators\\\\ui-v1.6.4\\\\server.bundle.js\"],\"optionalArgs\":[],\"joinArgs\":false}"}}
[info] i  ui: Emulator UI logging to ui-debug.log {"metadata":{"emulator":{"name":"ui"},"message":"Emulator UI logging to \u001b[1mui-debug.log\u001b[22m"}}
[debug] [2022-01-11T22:29:33.341Z] Web / API server started at localhost:4000
 {"metadata":{"emulator":{"name":"ui"},"message":"Web / API server started at localhost:4000\n"}}
[info] i  functions: Watching "I:\p_jects\android\Xperience\functions" for Cloud Functions... {"metadata":{"emulator":{"name":"functions"},"message":"Watching \"I:\\p_jects\\android\\Xperience\\functions\" for Cloud Functions..."}}
[debug] [2022-01-11T22:29:33.885Z] [worker-pool] addWorker(~diagnostic~) {"metadata":{"emulator":{"name":"functions"},"message":"[worker-pool] addWorker(~diagnostic~)"}}
[debug] [2022-01-11T22:29:33.886Z] [worker-pool] Adding worker with key ~diagnostic~, total=1 {"metadata":{"emulator":{"name":"functions"},"message":"[worker-pool] Adding worker with key ~diagnostic~, total=1"}}
[debug] [2022-01-11T22:29:33.887Z] [worker-pool] submitWork(triggerId=) {"metadata":{"emulator":{"name":"functions"},"message":"[worker-pool] submitWork(triggerId=)"}}
[debug] [2022-01-11T22:29:33.889Z] [worker-~diagnostic~-5295ffd6-2861-432e-8777-d9a334605a7e]: Assigning socketPath: \\?\pipe\I:\p_jects\android\Xperience\functions\9320 {"metadata":{"emulator":{"name":"functions"},"message":"[worker-~diagnostic~-5295ffd6-2861-432e-8777-d9a334605a7e]: Assigning socketPath: \\\\?\\pipe\\I:\\p_jects\\android\\Xperience\\functions\\9320"}}
[debug] [2022-01-11T22:29:33.890Z] [worker-~diagnostic~-5295ffd6-2861-432e-8777-d9a334605a7e]: BUSY {"metadata":{"emulator":{"name":"functions"},"message":"[worker-~diagnostic~-5295ffd6-2861-432e-8777-d9a334605a7e]: BUSY"}}
[debug] [2022-01-11T22:29:35.452Z] [runtime-status] [9320] Functions runtime initialized. {"cwd":"I:\\p_jects\\android\\Xperience\\functions","node_version":"12.18.2"} {"metadata":{"emulator":{"name":"functions"},"message":"[runtime-status] [9320] Functions runtime initialized. {\"cwd\":\"I:\\\\p_jects\\\\android\\\\Xperience\\\\functions\",\"node_version\":\"12.18.2\"}"}}
[debug] [2022-01-11T22:29:35.460Z] [runtime-status] [9320] Disabled runtime features: undefined {"metadata":{"emulator":{"name":"functions"},"message":"[runtime-status] [9320] Disabled runtime features: undefined"}}
[debug] [2022-01-11T22:29:35.475Z] [runtime-status] [9320] Resolved module firebase-admin {"declared":true,"installed":true,"version":"9.12.0","resolution":"I:\\p_jects\\android\\Xperience\\functions\\node_modules\\firebase-admin\\lib\\index.js"} {"metadata":{"emulator":{"name":"functions"},"message":"[runtime-status] [9320] Resolved module firebase-admin {\"declared\":true,\"installed\":true,\"version\":\"9.12.0\",\"resolution\":\"I:\\\\p_jects\\\\android\\\\Xperience\\\\functions\\\\node_modules\\\\firebase-admin\\\\lib\\\\index.js\"}"}}
[debug] [2022-01-11T22:29:35.486Z] [runtime-status] [9320] Resolved module firebase-functions {"declared":true,"installed":true,"version":"3.16.0","resolution":"I:\\p_jects\\android\\Xperience\\functions\\node_modules\\firebase-functions\\lib\\index.js"} {"metadata":{"emulator":{"name":"functions"},"message":"[runtime-status] [9320] Resolved module firebase-functions {\"declared\":true,\"installed\":true,\"version\":\"3.16.0\",\"resolution\":\"I:\\\\p_jects\\\\android\\\\Xperience\\\\functions\\\\node_modules\\\\firebase-functions\\\\lib\\\\index.js\"}"}}
[debug] [2022-01-11T22:29:35.496Z] [runtime-status] [9320] Outgoing network have been stubbed. [{"name":"http","status":"mocked"},{"name":"http","status":"mocked"},{"name":"https","status":"mocked"},{"name":"https","status":"mocked"},{"name":"net","status":"mocked"}] {"metadata":{"emulator":{"name":"functions"},"message":"[runtime-status] [9320] Outgoing network have been stubbed. [{\"name\":\"http\",\"status\":\"mocked\"},{\"name\":\"http\",\"status\":\"mocked\"},{\"name\":\"https\",\"status\":\"mocked\"},{\"name\":\"https\",\"status\":\"mocked\"},{\"name\":\"net\",\"status\":\"mocked\"}]"}}
[debug] [2022-01-11T22:29:35.501Z] [runtime-status] [9320] Resolved module firebase-functions {"declared":true,"installed":true,"version":"3.16.0","resolution":"I:\\p_jects\\android\\Xperience\\functions\\node_modules\\firebase-functions\\lib\\index.js"} {"metadata":{"emulator":{"name":"functions"},"message":"[runtime-status] [9320] Resolved module firebase-functions {\"declared\":true,\"installed\":true,\"version\":\"3.16.0\",\"resolution\":\"I:\\\\p_jects\\\\android\\\\Xperience\\\\functions\\\\node_modules\\\\firebase-functions\\\\lib\\\\index.js\"}"}}
[debug] [2022-01-11T22:29:36.539Z] [runtime-status] [9320] Checked functions.config() {"config":{}} {"metadata":{"emulator":{"name":"functions"},"message":"[runtime-status] [9320] Checked functions.config() {\"config\":{}}"}}
[debug] [2022-01-11T22:29:36.540Z] [runtime-status] [9320] firebase-functions has been stubbed. {"functionsResolution":{"declared":true,"installed":true,"version":"3.16.0","resolution":"I:\\p_jects\\android\\Xperience\\functions\\node_modules\\firebase-functions\\lib\\index.js"}} {"metadata":{"emulator":{"name":"functions"},"message":"[runtime-status] [9320] firebase-functions has been stubbed. {\"functionsResolution\":{\"declared\":true,\"installed\":true,\"version\":\"3.16.0\",\"resolution\":\"I:\\\\p_jects\\\\android\\\\Xperience\\\\functions\\\\node_modules\\\\firebase-functions\\\\lib\\\\index.js\"}}"}}
[debug] [2022-01-11T22:29:36.544Z] [runtime-status] [9320] Resolved module firebase-functions {"declared":true,"installed":true,"version":"3.16.0","resolution":"I:\\p_jects\\android\\Xperience\\functions\\node_modules\\firebase-functions\\lib\\index.js"} {"metadata":{"emulator":{"name":"functions"},"message":"[runtime-status] [9320] Resolved module firebase-functions {\"declared\":true,\"installed\":true,\"version\":\"3.16.0\",\"resolution\":\"I:\\\\p_jects\\\\android\\\\Xperience\\\\functions\\\\node_modules\\\\firebase-functions\\\\lib\\\\index.js\"}"}}
[debug] [2022-01-11T22:29:36.566Z] [runtime-status] [9320] Resolved module firebase-admin {"declared":true,"installed":true,"version":"9.12.0","resolution":"I:\\p_jects\\android\\Xperience\\functions\\node_modules\\firebase-admin\\lib\\index.js"} {"metadata":{"emulator":{"name":"functions"},"message":"[runtime-status] [9320] Resolved module firebase-admin {\"declared\":true,\"installed\":true,\"version\":\"9.12.0\",\"resolution\":\"I:\\\\p_jects\\\\android\\\\Xperience\\\\functions\\\\node_modules\\\\firebase-admin\\\\lib\\\\index.js\"}"}}
[debug] [2022-01-11T22:29:36.570Z] [runtime-status] [9320] Resolved module firebase-functions {"declared":true,"installed":true,"version":"3.16.0","resolution":"I:\\p_jects\\android\\Xperience\\functions\\node_modules\\firebase-functions\\lib\\index.js"} {"metadata":{"emulator":{"name":"functions"},"message":"[runtime-status] [9320] Resolved module firebase-functions {\"declared\":true,\"installed\":true,\"version\":\"3.16.0\",\"resolution\":\"I:\\\\p_jects\\\\android\\\\Xperience\\\\functions\\\\node_modules\\\\firebase-functions\\\\lib\\\\index.js\"}"}}
[debug] [2022-01-11T22:29:36.572Z] [runtime-status] [9320] firebase-admin has been stubbed. {"adminResolution":{"declared":true,"installed":true,"version":"9.12.0","resolution":"I:\\p_jects\\android\\Xperience\\functions\\node_modules\\firebase-admin\\lib\\index.js"}} {"metadata":{"emulator":{"name":"functions"},"message":"[runtime-status] [9320] firebase-admin has been stubbed. {\"adminResolution\":{\"declared\":true,\"installed\":true,\"version\":\"9.12.0\",\"resolution\":\"I:\\\\p_jects\\\\android\\\\Xperience\\\\functions\\\\node_modules\\\\firebase-admin\\\\lib\\\\index.js\"}}"}}
[debug] [2022-01-11T22:29:37.499Z] [runtime-status] [9320] initializeApp(DEFAULT) {"credential":{"implicit":false,"projectId":"logicians-ghana","privateKey":"-----BEGIN PRIVATE KEY-----\nMIIEvQIBADANBgkqhkiG9w0BAQEFAASCBKcwggSjAgEAAoIBAQCdOAzy560Tyg6d\ncofVrzTVZMmrk+V4tlePxKVi5sfMWNH5av8SLdjJd/OaVFbxl9zDBkv+3LH/DWRm\nI9jUF5+bcNe8zsU0RKbZt+deN+ImC4NhPZz2iDCriu8IuDeUPXc4kjdDz+kOSsgC\nKrTm/h7AViPgOZJ/v7iHHJo6L9IDTi2/6f1q7EivY9n7rzx1uAfaEkGKdGSfL7Qt\nhmkQO+xHvVgKcDOS792JQ1UokbrFSe9qC3gKxssXb855V70Npd+64E8ZBQkVjPsN\nZ/8PpCUg7PytKDtDvFGXvv4yT9iPQGaaMLzx7UQjhEsdLPQEHLpqWCTKyKLgzGqA\nhskkaJX1AgMBAAECggEAFFi4KEl+VzTLnmm/lZJ2qnVAOkHKLUyf2V3QL5QBYHtQ\nNVC5EP+48h3he2QV2m9WZTDv7dxe9syjZSqXeZ9TCxlX+jniQKjv1PZdbY6a6GSO\nDKweH7OxZMn2tHCu1LL9tmcJ2u9R0IUyDEG9prVVgnvDadXZlUnZFjdH6Gbe7Ylh\nH6hdM+Uki/FjGCAlvhXtczn+S/IE9N9zJ9qDCY1s8lVYnvikhstt5OjlMlIF4P1G\nyr1ncSVnFih1du/cepwQJzOL85G1N+QnEzoBEmqNoU5N9UIu7x9cyKKt9B+MNurL\ncDiK6eXIAfhC/zAb6gp65KAzPw+hObiAlPQTaRPlEQKBgQDQrkG9NVVDqdbHEMVU\n9EdUERWz8WKfH43mQJVNeyIB1bGsbanUtJeRalQI7F/zaC22Sxy6TF2wkgZjjcmE\nQeHW0Kd/OY98Z89/oxYsD5znDVirH1Sj3wrm7NvaEPB+q7KRMnh+YO3jx5+HmxEp\nThSj7dRjKcQrK/Lz23hrTau0zQKBgQDA3ntTvsciNNXUaFVQ0sd6cnuYFqcbRI0N\nb+62ImAfTcV+10b/OCv/YnI2/qD/lG5+knvMK39yhNJkQLVAX3Oad1KwigFde+lP\nL232D3p3SxLLPHporOXRWe/JBySiY+xq32HTT8uwtuseSUFKo3y0ApI30a0+g3Zw\nGKdPRU4lyQKBgQC8smW1bs2L4r7YwHx/hmgdR1mlngc8te69Hvci2c31dMM1lPA1\n65sGnewhKYTV+AUlyqPOfhFWAaUPTn3DP0O02HYtH+J0bvZ9hv4cl32cnD/qdOk3\nSQ91owZmGF0vXZiZnNbCCGn0R2Uk3P5WqEkXto4PoQvGsfX9th4cgV5bnQKBgDfj\ngJtY6j2IT/pYLXjZS4K5EAWXct8c8z7Uk7jlpzMLB1LlMSad8Wn07iHvkVneelJl\nQkh8xla6FHmGor8/qbE2KJkNtK2RTZ9roBKwk41kDNMl+FbC22naBPkc/8mq6QRj\nLObd9amEqAdDtQ7a5zUGlbZlJS27TKPZEQqQi7+5AoGAREjnMXuMhujvOU86E2np\nKHrOqEPFwpnwILtGqAsOIgVGaVqKJ2VJF+bTzi38WUaVbo7x970TIKh72ypXAZdI\nAv4u3xhiLUNDsGp06G6FpxRWgRTzj9ehWtqz7fI8TcjGoncYdlXo3dymkwSxMs0C\nr6dSBvcThut5OX2DoSm4d9U=\n-----END PRIVATE KEY-----\n","clientEmail":"firebase-adminsdk-zvlox@logicians-ghana.iam.gserviceaccount.com","httpClient":{"retry":{"maxRetries":4,"statusCodes":[503],"ioErrorCodes":["ECONNRESET","ETIMEDOUT"],"backOffFactor":0.5,"maxDelayInMillis":60000}}}} {"metadata":{"emulator":{"name":"functions"},"message":"[runtime-status] [9320] initializeApp(DEFAULT) {\"credential\":{\"implicit\":false,\"projectId\":\"logicians-ghana\",\"privateKey\":\"-----BEGIN PRIVATE KEY-----\\nMIIEvQIBADANBgkqhkiG9w0BAQEFAASCBKcwggSjAgEAAoIBAQCdOAzy560Tyg6d\\ncofVrzTVZMmrk+V4tlePxKVi5sfMWNH5av8SLdjJd/OaVFbxl9zDBkv+3LH/DWRm\\nI9jUF5+bcNe8zsU0RKbZt+deN+ImC4NhPZz2iDCriu8IuDeUPXc4kjdDz+kOSsgC\\nKrTm/h7AViPgOZJ/v7iHHJo6L9IDTi2/6f1q7EivY9n7rzx1uAfaEkGKdGSfL7Qt\\nhmkQO+xHvVgKcDOS792JQ1UokbrFSe9qC3gKxssXb855V70Npd+64E8ZBQkVjPsN\\nZ/8PpCUg7PytKDtDvFGXvv4yT9iPQGaaMLzx7UQjhEsdLPQEHLpqWCTKyKLgzGqA\\nhskkaJX1AgMBAAECggEAFFi4KEl+VzTLnmm/lZJ2qnVAOkHKLUyf2V3QL5QBYHtQ\\nNVC5EP+48h3he2QV2m9WZTDv7dxe9syjZSqXeZ9TCxlX+jniQKjv1PZdbY6a6GSO\\nDKweH7OxZMn2tHCu1LL9tmcJ2u9R0IUyDEG9prVVgnvDadXZlUnZFjdH6Gbe7Ylh\\nH6hdM+Uki/FjGCAlvhXtczn+S/IE9N9zJ9qDCY1s8lVYnvikhstt5OjlMlIF4P1G\\nyr1ncSVnFih1du/cepwQJzOL85G1N+QnEzoBEmqNoU5N9UIu7x9cyKKt9B+MNurL\\ncDiK6eXIAfhC/zAb6gp65KAzPw+hObiAlPQTaRPlEQKBgQDQrkG9NVVDqdbHEMVU\\n9EdUERWz8WKfH43mQJVNeyIB1bGsbanUtJeRalQI7F/zaC22Sxy6TF2wkgZjjcmE\\nQeHW0Kd/OY98Z89/oxYsD5znDVirH1Sj3wrm7NvaEPB+q7KRMnh+YO3jx5+HmxEp\\nThSj7dRjKcQrK/Lz23hrTau0zQKBgQDA3ntTvsciNNXUaFVQ0sd6cnuYFqcbRI0N\\nb+62ImAfTcV+10b/OCv/YnI2/qD/lG5+knvMK39yhNJkQLVAX3Oad1KwigFde+lP\\nL232D3p3SxLLPHporOXRWe/JBySiY+xq32HTT8uwtuseSUFKo3y0ApI30a0+g3Zw\\nGKdPRU4lyQKBgQC8smW1bs2L4r7YwHx/hmgdR1mlngc8te69Hvci2c31dMM1lPA1\\n65sGnewhKYTV+AUlyqPOfhFWAaUPTn3DP0O02HYtH+J0bvZ9hv4cl32cnD/qdOk3\\nSQ91owZmGF0vXZiZnNbCCGn0R2Uk3P5WqEkXto4PoQvGsfX9th4cgV5bnQKBgDfj\\ngJtY6j2IT/pYLXjZS4K5EAWXct8c8z7Uk7jlpzMLB1LlMSad8Wn07iHvkVneelJl\\nQkh8xla6FHmGor8/qbE2KJkNtK2RTZ9roBKwk41kDNMl+FbC22naBPkc/8mq6QRj\\nLObd9amEqAdDtQ7a5zUGlbZlJS27TKPZEQqQi7+5AoGAREjnMXuMhujvOU86E2np\\nKHrOqEPFwpnwILtGqAsOIgVGaVqKJ2VJF+bTzi38WUaVbo7x970TIKh72ypXAZdI\\nAv4u3xhiLUNDsGp06G6FpxRWgRTzj9ehWtqz7fI8TcjGoncYdlXo3dymkwSxMs0C\\nr6dSBvcThut5OX2DoSm4d9U=\\n-----END PRIVATE KEY-----\\n\",\"clientEmail\":\"firebase-adminsdk-zvlox@logicians-ghana.iam.gserviceaccount.com\",\"httpClient\":{\"retry\":{\"maxRetries\":4,\"statusCodes\":[503],\"ioErrorCodes\":[\"ECONNRESET\",\"ETIMEDOUT\"],\"backOffFactor\":0.5,\"maxDelayInMillis\":60000}}}}"}}
[info] +  functions[us-central1-getAuthorInfo]: http function initialized (http://localhost:5001/logicians-ghana/us-central1/getAuthorInfo). {"metadata":{"emulator":{"name":"functions"},"message":"\u001b[1mhttp\u001b[22m function initialized (http://localhost:5001/logicians-ghana/us-central1/getAuthorInfo)."}}
[info] 
┌─────────────────────────────────────────────────────────────┐
│ ✔  All emulators ready! It is now safe to connect your app. │
│ i  View Emulator UI at http://localhost:4000                │
└─────────────────────────────────────────────────────────────┘

┌───────────┬────────────────┬─────────────────────────────────┐
│ Emulator  │ Host:Port      │ View in Emulator UI             │
├───────────┼────────────────┼─────────────────────────────────┤
│ Functions │ localhost:5001 │ http://localhost:4000/functions │
└───────────┴────────────────┴─────────────────────────────────┘
  Emulator Hub running at localhost:4400
  Other reserved ports: 4500

Issues? Report them at https://github.com/firebase/firebase-tools/issues and attach the *-debug.log files.
 
[debug] [2022-01-11T22:29:37.619Z] [worker-~diagnostic~-5295ffd6-2861-432e-8777-d9a334605a7e]: IDLE {"metadata":{"emulator":{"name":"functions"},"message":"[worker-~diagnostic~-5295ffd6-2861-432e-8777-d9a334605a7e]: IDLE"}}
